{"/Users/silvamaxime/Dev/event-scheduler-jest/src/controller.js": {"path":"/Users/silvamaxime/Dev/event-scheduler-jest/src/controller.js","statementMap":{"0":{"start":{"line":16,"column":8},"end":{"line":16,"column":41}},"1":{"start":{"line":17,"column":8},"end":{"line":17,"column":46}},"2":{"start":{"line":26,"column":21},"end":{"line":26,"column":50}},"3":{"start":{"line":27,"column":8},"end":{"line":27,"column":56}},"4":{"start":{"line":36,"column":20},"end":{"line":36,"column":53}},"5":{"start":{"line":37,"column":8},"end":{"line":37,"column":55}},"6":{"start":{"line":46,"column":20},"end":{"line":46,"column":52}},"7":{"start":{"line":47,"column":8},"end":{"line":47,"column":55}},"8":{"start":{"line":56,"column":20},"end":{"line":56,"column":55}},"9":{"start":{"line":57,"column":8},"end":{"line":57,"column":55}},"10":{"start":{"line":66,"column":20},"end":{"line":66,"column":56}},"11":{"start":{"line":67,"column":8},"end":{"line":67,"column":55}}},"fnMap":{"0":{"name":"(anonymous_0)","decl":{"start":{"line":15,"column":4},"end":{"line":15,"column":5}},"loc":{"start":{"line":15,"column":46},"end":{"line":18,"column":5}},"line":15},"1":{"name":"(anonymous_1)","decl":{"start":{"line":25,"column":4},"end":{"line":25,"column":5}},"loc":{"start":{"line":25,"column":20},"end":{"line":28,"column":5}},"line":25},"2":{"name":"(anonymous_2)","decl":{"start":{"line":35,"column":4},"end":{"line":35,"column":5}},"loc":{"start":{"line":35,"column":22},"end":{"line":38,"column":5}},"line":35},"3":{"name":"(anonymous_3)","decl":{"start":{"line":45,"column":4},"end":{"line":45,"column":5}},"loc":{"start":{"line":45,"column":21},"end":{"line":48,"column":5}},"line":45},"4":{"name":"(anonymous_4)","decl":{"start":{"line":55,"column":4},"end":{"line":55,"column":5}},"loc":{"start":{"line":55,"column":24},"end":{"line":58,"column":5}},"line":55},"5":{"name":"(anonymous_5)","decl":{"start":{"line":65,"column":4},"end":{"line":65,"column":5}},"loc":{"start":{"line":65,"column":25},"end":{"line":68,"column":5}},"line":65}},"branchMap":{},"s":{"0":5,"1":5,"2":1,"3":1,"4":1,"5":1,"6":1,"7":1,"8":1,"9":1,"10":1,"11":1},"f":{"0":5,"1":1,"2":1,"3":1,"4":1,"5":1},"b":{},"_coverageSchema":"1a1c01bbd47fc00a2c39e90264f33305004495a9","hash":"a246167e3d0829a60a3006753e469d61e86a6273"}
,"/Users/silvamaxime/Dev/event-scheduler-jest/src/models.js": {"path":"/Users/silvamaxime/Dev/event-scheduler-jest/src/models.js","statementMap":{"0":{"start":{"line":41,"column":8},"end":{"line":41,"column":35}},"1":{"start":{"line":42,"column":8},"end":{"line":42,"column":31}},"2":{"start":{"line":43,"column":8},"end":{"line":43,"column":27}},"3":{"start":{"line":44,"column":8},"end":{"line":44,"column":33}},"4":{"start":{"line":45,"column":8},"end":{"line":45,"column":39}},"5":{"start":{"line":53,"column":8},"end":{"line":53,"column":30}},"6":{"start":{"line":61,"column":8},"end":{"line":61,"column":35}},"7":{"start":{"line":69,"column":8},"end":{"line":69,"column":28}},"8":{"start":{"line":77,"column":8},"end":{"line":77,"column":31}},"9":{"start":{"line":85,"column":8},"end":{"line":85,"column":26}},"10":{"start":{"line":93,"column":8},"end":{"line":93,"column":27}},"11":{"start":{"line":101,"column":8},"end":{"line":101,"column":29}},"12":{"start":{"line":109,"column":8},"end":{"line":109,"column":33}},"13":{"start":{"line":117,"column":8},"end":{"line":117,"column":32}},"14":{"start":{"line":125,"column":8},"end":{"line":125,"column":39}}},"fnMap":{"0":{"name":"(anonymous_0)","decl":{"start":{"line":40,"column":4},"end":{"line":40,"column":5}},"loc":{"start":{"line":40,"column":66},"end":{"line":46,"column":5}},"line":40},"1":{"name":"(anonymous_1)","decl":{"start":{"line":52,"column":4},"end":{"line":52,"column":5}},"loc":{"start":{"line":52,"column":19},"end":{"line":54,"column":5}},"line":52},"2":{"name":"(anonymous_2)","decl":{"start":{"line":60,"column":4},"end":{"line":60,"column":5}},"loc":{"start":{"line":60,"column":28},"end":{"line":62,"column":5}},"line":60},"3":{"name":"(anonymous_3)","decl":{"start":{"line":68,"column":4},"end":{"line":68,"column":5}},"loc":{"start":{"line":68,"column":17},"end":{"line":70,"column":5}},"line":68},"4":{"name":"(anonymous_4)","decl":{"start":{"line":76,"column":4},"end":{"line":76,"column":5}},"loc":{"start":{"line":76,"column":24},"end":{"line":78,"column":5}},"line":76},"5":{"name":"(anonymous_5)","decl":{"start":{"line":84,"column":4},"end":{"line":84,"column":5}},"loc":{"start":{"line":84,"column":15},"end":{"line":86,"column":5}},"line":84},"6":{"name":"(anonymous_6)","decl":{"start":{"line":92,"column":4},"end":{"line":92,"column":5}},"loc":{"start":{"line":92,"column":20},"end":{"line":94,"column":5}},"line":92},"7":{"name":"(anonymous_7)","decl":{"start":{"line":100,"column":4},"end":{"line":100,"column":5}},"loc":{"start":{"line":100,"column":18},"end":{"line":102,"column":5}},"line":100},"8":{"name":"(anonymous_8)","decl":{"start":{"line":108,"column":4},"end":{"line":108,"column":5}},"loc":{"start":{"line":108,"column":26},"end":{"line":110,"column":5}},"line":108},"9":{"name":"(anonymous_9)","decl":{"start":{"line":116,"column":4},"end":{"line":116,"column":5}},"loc":{"start":{"line":116,"column":21},"end":{"line":118,"column":5}},"line":116},"10":{"name":"(anonymous_10)","decl":{"start":{"line":124,"column":4},"end":{"line":124,"column":5}},"loc":{"start":{"line":124,"column":32},"end":{"line":126,"column":5}},"line":124}},"branchMap":{},"s":{"0":16,"1":16,"2":16,"3":16,"4":16,"5":28,"6":0,"7":26,"8":0,"9":5,"10":0,"11":5,"12":0,"13":5,"14":0},"f":{"0":16,"1":28,"2":0,"3":26,"4":0,"5":5,"6":0,"7":5,"8":0,"9":5,"10":0},"b":{},"_coverageSchema":"1a1c01bbd47fc00a2c39e90264f33305004495a9","hash":"d4979be5e986d31c7cde6417757b95ac6f778578"}
,"/Users/silvamaxime/Dev/event-scheduler-jest/src/repository.js": {"path":"/Users/silvamaxime/Dev/event-scheduler-jest/src/repository.js","statementMap":{"0":{"start":{"line":11,"column":8},"end":{"line":11,"column":33}},"1":{"start":{"line":19,"column":8},"end":{"line":19,"column":18}},"2":{"start":{"line":28,"column":8},"end":{"line":28,"column":21}},"3":{"start":{"line":36,"column":8},"end":{"line":36,"column":20}},"4":{"start":{"line":37,"column":8},"end":{"line":37,"column":30}},"5":{"start":{"line":42,"column":8},"end":{"line":42,"column":36}},"6":{"start":{"line":46,"column":8},"end":{"line":46,"column":33}}},"fnMap":{"0":{"name":"(anonymous_0)","decl":{"start":{"line":10,"column":4},"end":{"line":10,"column":5}},"loc":{"start":{"line":10,"column":26},"end":{"line":12,"column":5}},"line":10},"1":{"name":"(anonymous_1)","decl":{"start":{"line":18,"column":4},"end":{"line":18,"column":5}},"loc":{"start":{"line":18,"column":12},"end":{"line":20,"column":5}},"line":18},"2":{"name":"(anonymous_2)","decl":{"start":{"line":27,"column":4},"end":{"line":27,"column":5}},"loc":{"start":{"line":27,"column":14},"end":{"line":29,"column":5}},"line":27},"3":{"name":"(anonymous_3)","decl":{"start":{"line":35,"column":4},"end":{"line":35,"column":5}},"loc":{"start":{"line":35,"column":24},"end":{"line":38,"column":5}},"line":35},"4":{"name":"(anonymous_4)","decl":{"start":{"line":41,"column":4},"end":{"line":41,"column":5}},"loc":{"start":{"line":41,"column":13},"end":{"line":43,"column":5}},"line":41},"5":{"name":"(anonymous_5)","decl":{"start":{"line":45,"column":4},"end":{"line":45,"column":5}},"loc":{"start":{"line":45,"column":15},"end":{"line":47,"column":5}},"line":45}},"branchMap":{},"s":{"0":0,"1":0,"2":0,"3":0,"4":0,"5":0,"6":0},"f":{"0":0,"1":0,"2":0,"3":0,"4":0,"5":0},"b":{},"_coverageSchema":"1a1c01bbd47fc00a2c39e90264f33305004495a9","hash":"5e3e1f4324ccdaeba2d069396e13f376f5c5bce5"}
,"/Users/silvamaxime/Dev/event-scheduler-jest/src/serializer.js": {"path":"/Users/silvamaxime/Dev/event-scheduler-jest/src/serializer.js","statementMap":{"0":{"start":{"line":10,"column":8},"end":{"line":10,"column":37}},"1":{"start":{"line":19,"column":8},"end":{"line":19,"column":18}}},"fnMap":{"0":{"name":"(anonymous_0)","decl":{"start":{"line":9,"column":4},"end":{"line":9,"column":5}},"loc":{"start":{"line":9,"column":20},"end":{"line":11,"column":5}},"line":9},"1":{"name":"(anonymous_1)","decl":{"start":{"line":18,"column":4},"end":{"line":18,"column":5}},"loc":{"start":{"line":18,"column":22},"end":{"line":20,"column":5}},"line":18}},"branchMap":{},"s":{"0":1,"1":0},"f":{"0":1,"1":0},"b":{},"_coverageSchema":"1a1c01bbd47fc00a2c39e90264f33305004495a9","hash":"12421ddd983d71b923f8adc5fd6c605b09f0fa04"}
,"/Users/silvamaxime/Dev/event-scheduler-jest/src/services.js": {"path":"/Users/silvamaxime/Dev/event-scheduler-jest/src/services.js","statementMap":{"0":{"start":{"line":18,"column":8},"end":{"line":18,"column":48}},"1":{"start":{"line":26,"column":8},"end":{"line":26,"column":46}},"2":{"start":{"line":35,"column":20},"end":{"line":35,"column":50}},"3":{"start":{"line":36,"column":25},"end":{"line":36,"column":27}},"4":{"start":{"line":38,"column":8},"end":{"line":47,"column":11}},"5":{"start":{"line":39,"column":28},"end":{"line":39,"column":50}},"6":{"start":{"line":40,"column":26},"end":{"line":40,"column":46}},"7":{"start":{"line":42,"column":12},"end":{"line":46,"column":13}},"8":{"start":{"line":43,"column":16},"end":{"line":43,"column":157}},"9":{"start":{"line":45,"column":16},"end":{"line":45,"column":41}},"10":{"start":{"line":48,"column":8},"end":{"line":50,"column":11}},"11":{"start":{"line":49,"column":12},"end":{"line":49,"column":45}},"12":{"start":{"line":52,"column":8},"end":{"line":52,"column":29}},"13":{"start":{"line":60,"column":20},"end":{"line":60,"column":50}},"14":{"start":{"line":61,"column":25},"end":{"line":61,"column":27}},"15":{"start":{"line":62,"column":8},"end":{"line":70,"column":11}},"16":{"start":{"line":63,"column":28},"end":{"line":63,"column":50}},"17":{"start":{"line":64,"column":26},"end":{"line":64,"column":46}},"18":{"start":{"line":65,"column":12},"end":{"line":69,"column":13}},"19":{"start":{"line":66,"column":16},"end":{"line":66,"column":157}},"20":{"start":{"line":68,"column":16},"end":{"line":68,"column":41}},"21":{"start":{"line":71,"column":8},"end":{"line":73,"column":11}},"22":{"start":{"line":72,"column":12},"end":{"line":72,"column":45}},"23":{"start":{"line":75,"column":8},"end":{"line":75,"column":47}},"24":{"start":{"line":83,"column":20},"end":{"line":83,"column":50}},"25":{"start":{"line":84,"column":25},"end":{"line":84,"column":27}},"26":{"start":{"line":85,"column":8},"end":{"line":101,"column":11}},"27":{"start":{"line":86,"column":28},"end":{"line":86,"column":50}},"28":{"start":{"line":87,"column":26},"end":{"line":87,"column":46}},"29":{"start":{"line":88,"column":12},"end":{"line":100,"column":13}},"30":{"start":{"line":89,"column":16},"end":{"line":97,"column":18}},"31":{"start":{"line":99,"column":16},"end":{"line":99,"column":41}},"32":{"start":{"line":102,"column":19},"end":{"line":102,"column":20}},"33":{"start":{"line":103,"column":16},"end":{"line":103,"column":17}},"34":{"start":{"line":104,"column":28},"end":{"line":104,"column":30}},"35":{"start":{"line":105,"column":8},"end":{"line":112,"column":11}},"36":{"start":{"line":106,"column":33},"end":{"line":106,"column":78}},"37":{"start":{"line":107,"column":12},"end":{"line":110,"column":13}},"38":{"start":{"line":108,"column":16},"end":{"line":108,"column":68}},"39":{"start":{"line":109,"column":16},"end":{"line":109,"column":33}},"40":{"start":{"line":111,"column":12},"end":{"line":111,"column":16}},"41":{"start":{"line":113,"column":8},"end":{"line":113,"column":36}},"42":{"start":{"line":122,"column":20},"end":{"line":122,"column":50}},"43":{"start":{"line":123,"column":25},"end":{"line":123,"column":27}},"44":{"start":{"line":124,"column":8},"end":{"line":132,"column":11}},"45":{"start":{"line":125,"column":28},"end":{"line":125,"column":50}},"46":{"start":{"line":126,"column":26},"end":{"line":126,"column":46}},"47":{"start":{"line":127,"column":12},"end":{"line":131,"column":13}},"48":{"start":{"line":128,"column":16},"end":{"line":128,"column":157}},"49":{"start":{"line":130,"column":16},"end":{"line":130,"column":41}},"50":{"start":{"line":133,"column":19},"end":{"line":133,"column":20}},"51":{"start":{"line":134,"column":16},"end":{"line":134,"column":17}},"52":{"start":{"line":135,"column":28},"end":{"line":135,"column":29}},"53":{"start":{"line":136,"column":8},"end":{"line":143,"column":11}},"54":{"start":{"line":137,"column":33},"end":{"line":137,"column":78}},"55":{"start":{"line":138,"column":12},"end":{"line":141,"column":13}},"56":{"start":{"line":139,"column":16},"end":{"line":139,"column":68}},"57":{"start":{"line":140,"column":16},"end":{"line":140,"column":33}},"58":{"start":{"line":142,"column":12},"end":{"line":142,"column":16}},"59":{"start":{"line":144,"column":8},"end":{"line":144,"column":36}},"60":{"start":{"line":155,"column":19},"end":{"line":155,"column":49}},"61":{"start":{"line":156,"column":8},"end":{"line":158,"column":11}},"62":{"start":{"line":157,"column":12},"end":{"line":157,"column":70}},"63":{"start":{"line":168,"column":8},"end":{"line":168,"column":19}},"64":{"start":{"line":184,"column":18},"end":{"line":184,"column":28}},"65":{"start":{"line":185,"column":8},"end":{"line":185,"column":46}}},"fnMap":{"0":{"name":"(anonymous_0)","decl":{"start":{"line":17,"column":4},"end":{"line":17,"column":5}},"loc":{"start":{"line":17,"column":33},"end":{"line":19,"column":5}},"line":17},"1":{"name":"(anonymous_1)","decl":{"start":{"line":25,"column":4},"end":{"line":25,"column":5}},"loc":{"start":{"line":25,"column":16},"end":{"line":27,"column":5}},"line":25},"2":{"name":"(anonymous_2)","decl":{"start":{"line":33,"column":4},"end":{"line":33,"column":5}},"loc":{"start":{"line":33,"column":20},"end":{"line":53,"column":5}},"line":33},"3":{"name":"(anonymous_3)","decl":{"start":{"line":38,"column":22},"end":{"line":38,"column":23}},"loc":{"start":{"line":38,"column":35},"end":{"line":47,"column":9}},"line":38},"4":{"name":"(anonymous_4)","decl":{"start":{"line":48,"column":24},"end":{"line":48,"column":25}},"loc":{"start":{"line":48,"column":39},"end":{"line":50,"column":9}},"line":48},"5":{"name":"(anonymous_5)","decl":{"start":{"line":59,"column":4},"end":{"line":59,"column":5}},"loc":{"start":{"line":59,"column":19},"end":{"line":76,"column":5}},"line":59},"6":{"name":"(anonymous_6)","decl":{"start":{"line":62,"column":22},"end":{"line":62,"column":23}},"loc":{"start":{"line":62,"column":35},"end":{"line":70,"column":9}},"line":62},"7":{"name":"(anonymous_7)","decl":{"start":{"line":71,"column":24},"end":{"line":71,"column":25}},"loc":{"start":{"line":71,"column":39},"end":{"line":73,"column":9}},"line":71},"8":{"name":"(anonymous_8)","decl":{"start":{"line":82,"column":4},"end":{"line":82,"column":5}},"loc":{"start":{"line":82,"column":22},"end":{"line":114,"column":5}},"line":82},"9":{"name":"(anonymous_9)","decl":{"start":{"line":85,"column":22},"end":{"line":85,"column":23}},"loc":{"start":{"line":85,"column":35},"end":{"line":101,"column":9}},"line":85},"10":{"name":"(anonymous_10)","decl":{"start":{"line":105,"column":27},"end":{"line":105,"column":28}},"loc":{"start":{"line":105,"column":38},"end":{"line":112,"column":9}},"line":105},"11":{"name":"(anonymous_11)","decl":{"start":{"line":121,"column":4},"end":{"line":121,"column":5}},"loc":{"start":{"line":121,"column":23},"end":{"line":146,"column":5}},"line":121},"12":{"name":"(anonymous_12)","decl":{"start":{"line":124,"column":22},"end":{"line":124,"column":23}},"loc":{"start":{"line":124,"column":35},"end":{"line":132,"column":9}},"line":124},"13":{"name":"(anonymous_13)","decl":{"start":{"line":136,"column":27},"end":{"line":136,"column":28}},"loc":{"start":{"line":136,"column":38},"end":{"line":143,"column":9}},"line":136},"14":{"name":"(anonymous_14)","decl":{"start":{"line":154,"column":4},"end":{"line":154,"column":5}},"loc":{"start":{"line":154,"column":21},"end":{"line":159,"column":5}},"line":154},"15":{"name":"(anonymous_15)","decl":{"start":{"line":156,"column":27},"end":{"line":156,"column":28}},"loc":{"start":{"line":156,"column":40},"end":{"line":158,"column":9}},"line":156},"16":{"name":"(anonymous_16)","decl":{"start":{"line":167,"column":4},"end":{"line":167,"column":5}},"loc":{"start":{"line":167,"column":27},"end":{"line":169,"column":5}},"line":167},"17":{"name":"(anonymous_17)","decl":{"start":{"line":176,"column":4},"end":{"line":176,"column":5}},"loc":{"start":{"line":176,"column":30},"end":{"line":177,"column":5}},"line":176},"18":{"name":"(anonymous_18)","decl":{"start":{"line":183,"column":4},"end":{"line":183,"column":5}},"loc":{"start":{"line":183,"column":23},"end":{"line":186,"column":5}},"line":183}},"branchMap":{"0":{"loc":{"start":{"line":42,"column":12},"end":{"line":46,"column":13}},"type":"if","locations":[{"start":{"line":42,"column":12},"end":{"line":46,"column":13}},{"start":{"line":42,"column":12},"end":{"line":46,"column":13}}],"line":42},"1":{"loc":{"start":{"line":65,"column":12},"end":{"line":69,"column":13}},"type":"if","locations":[{"start":{"line":65,"column":12},"end":{"line":69,"column":13}},{"start":{"line":65,"column":12},"end":{"line":69,"column":13}}],"line":65},"2":{"loc":{"start":{"line":88,"column":12},"end":{"line":100,"column":13}},"type":"if","locations":[{"start":{"line":88,"column":12},"end":{"line":100,"column":13}},{"start":{"line":88,"column":12},"end":{"line":100,"column":13}}],"line":88},"3":{"loc":{"start":{"line":107,"column":12},"end":{"line":110,"column":13}},"type":"if","locations":[{"start":{"line":107,"column":12},"end":{"line":110,"column":13}},{"start":{"line":107,"column":12},"end":{"line":110,"column":13}}],"line":107},"4":{"loc":{"start":{"line":127,"column":12},"end":{"line":131,"column":13}},"type":"if","locations":[{"start":{"line":127,"column":12},"end":{"line":131,"column":13}},{"start":{"line":127,"column":12},"end":{"line":131,"column":13}}],"line":127},"5":{"loc":{"start":{"line":138,"column":12},"end":{"line":141,"column":13}},"type":"if","locations":[{"start":{"line":138,"column":12},"end":{"line":141,"column":13}},{"start":{"line":138,"column":12},"end":{"line":141,"column":13}}],"line":138},"6":{"loc":{"start":{"line":138,"column":16},"end":{"line":138,"column":51}},"type":"binary-expr","locations":[{"start":{"line":138,"column":16},"end":{"line":138,"column":37}},{"start":{"line":138,"column":41},"end":{"line":138,"column":51}}],"line":138},"7":{"loc":{"start":{"line":157,"column":19},"end":{"line":157,"column":69}},"type":"binary-expr","locations":[{"start":{"line":157,"column":19},"end":{"line":157,"column":43}},{"start":{"line":157,"column":47},"end":{"line":157,"column":69}}],"line":157}},"s":{"0":6,"1":2,"2":1,"3":1,"4":1,"5":3,"6":3,"7":3,"8":1,"9":2,"10":1,"11":3,"12":1,"13":1,"14":1,"15":1,"16":3,"17":3,"18":3,"19":1,"20":2,"21":1,"22":3,"23":1,"24":1,"25":1,"26":1,"27":3,"28":3,"29":3,"30":1,"31":2,"32":1,"33":1,"34":1,"35":1,"36":3,"37":3,"38":2,"39":2,"40":3,"41":1,"42":1,"43":1,"44":1,"45":3,"46":3,"47":3,"48":1,"49":2,"50":1,"51":1,"52":1,"53":1,"54":3,"55":3,"56":2,"57":2,"58":3,"59":1,"60":0,"61":0,"62":0,"63":0,"64":0,"65":0},"f":{"0":6,"1":2,"2":1,"3":3,"4":3,"5":1,"6":3,"7":3,"8":1,"9":3,"10":3,"11":1,"12":3,"13":3,"14":0,"15":0,"16":0,"17":0,"18":0},"b":{"0":[1,2],"1":[1,2],"2":[1,2],"3":[2,1],"4":[1,2],"5":[2,1],"6":[3,2],"7":[0,0]},"_coverageSchema":"1a1c01bbd47fc00a2c39e90264f33305004495a9","hash":"9261a361a429c7dd89c3456c2072f412efdcc679"}
,"/Users/silvamaxime/Dev/event-scheduler-jest/src/sum.js": {"path":"/Users/silvamaxime/Dev/event-scheduler-jest/src/sum.js","statementMap":{"0":{"start":{"line":2,"column":4},"end":{"line":2,"column":17}},"1":{"start":{"line":4,"column":0},"end":{"line":4,"column":21}}},"fnMap":{"0":{"name":"sum","decl":{"start":{"line":1,"column":9},"end":{"line":1,"column":12}},"loc":{"start":{"line":1,"column":19},"end":{"line":3,"column":1}},"line":1}},"branchMap":{},"s":{"0":1,"1":1},"f":{"0":1},"b":{},"_coverageSchema":"1a1c01bbd47fc00a2c39e90264f33305004495a9","hash":"b4c9f96eddfe1e75e9cf45ac2ffe0eb574d65a39"}
}
